[2015.11.12-08.52.58:254][  0]Log file open, 11/12/15 09:52:58
[2015.11.12-08.52.58:254][  0]LogInit:Display: Running engine for game: UNREALPROJEKT
[2015.11.12-08.52.58:254][  0]LogInit:Display: RandInit(1309559999) SRandInit(1309559999).
[2015.11.12-08.52.58:254][  0]LogTaskGraph: Started task graph with 4 named threads and 7 total threads.
[2015.11.12-08.52.58:254][  0]LogStats: Stats thread started at 0.161794
[2015.11.12-08.52.58:254][  0]LogInit:Warning: Incompatible or missing module: UE4Editor-UNREALPROJEKT.dll
[2015.11.12-08.53.09:103][  0]Running D:/Program (x86)/Epic Games/4.9/Engine/Binaries/DotNET/UnrealBuildTool.exe UNREALPROJEKT Development Win64 -project="C:/Users/Robin/Desktop/HÖGSKOLAN/LÄSÅR 2/C++ OOAD/3. Unreal Engine/Uppgifter/Projekt/UNREALPROJEKT/UNREALPROJEKT.uproject" -rocket -editorrecompile -progress -noubtmakefiles
[2015.11.12-08.53.33:306][  0]@progress push 5%
[2015.11.12-08.53.34:516][  0]Parsing headers for UNREALPROJEKTEditor
[2015.11.12-08.53.34:617][  0]  Running UnrealHeaderTool "C:/Users/Robin/Desktop/HÖGSKOLAN/LÄSÅR 2/C++ OOAD/3. Unreal Engine/Uppgifter/Projekt/UNREALPROJEKT/UNREALPROJEKT.uproject" "C:\Users\Robin\Desktop\HÖGSKOLAN\LÄSÅR 2\C++ OOAD\3. Unreal Engine\Uppgifter\Projekt\UNREALPROJEKT\Intermediate\Build\Win64\UNREALPROJEKTEditor\Development\UnrealHeaderTool.manifest" -LogCmds="loginit warning, logexit warning, logdatabase error" -rocket -installed
[2015.11.12-08.53.55:206][  0]Reflection code generated for UNREALPROJEKTEditor in 20,5918418 seconds
[2015.11.12-08.53.55:509][  0]@progress pop
[2015.11.12-08.54.02:463][  0]Performing 8 actions (4 in parallel)
[2015.11.12-08.54.02:463][  0][2/8] Resource PCLaunch.rc
[2015.11.12-08.54.02:463][  0][3/8] Resource ModuleVersionResource.rc.inl
[2015.11.12-08.54.04:988][  0]PCH.UNREALPROJEKT.h.cpp
[2015.11.12-08.54.05:190][  0]C:\Users\Robin\Desktop\H?GSKOLAN\L?S?R 2\C++ OOAD\3. Unreal Engine\Uppgifter\Projekt\UNREALPROJEKT\Intermediate\Build\Win64\UE4Editor\Development\UNREALPROJEKT\PCH.UNREALPROJEKT.h.cpp(1) : fatal error C1083: Cannot open include file: 'C:\Users\Robin\Desktop\H?-GSKOLAN\L?"S?.R 2\C++ OOAD\3. Unreal Engine\Uppgifter\Projekt\UNREALPROJEKT\Source\UNREALPROJEKT\UNREALPROJEKT.h': No such file or directory
[2015.11.12-08.54.05:796][  0]-------- End Detailed Actions Stats -----------------------------------------------------------
[2015.11.12-08.54.05:796][  0]ERROR: UBT ERROR: Failed to produce item: C:\Users\Robin\Desktop\HÖGSKOLAN\LÄSÅR 2\C++ OOAD\3. Unreal Engine\Uppgifter\Projekt\UNREALPROJEKT\Binaries\Win64\UE4Editor-UNREALPROJEKT.dll
[2015.11.12-08.54.05:898][  0]Total build time: 54,82 seconds
[2015.11.12-08.54.06:760][  0]LogInit:Warning: Still incompatible or missing module: UE4Editor-UNREALPROJEKT.dll
[2015.11.12-08.54.44:581][  0]LogExit: Preparing to exit.
[2015.11.12-08.54.45:240][  0]LogModuleManager: Shutting down and abandoning module DesktopPlatform (15)
[2015.11.12-08.54.45:241][  0]LogModuleManager: Shutting down and abandoning module TextureCompressor (14)
[2015.11.12-08.54.45:241][  0]LogModuleManager: Shutting down and abandoning module ShaderCore (13)
[2015.11.12-08.54.45:241][  0]LogModuleManager: Shutting down and abandoning module Landscape (12)
[2015.11.12-08.54.45:241][  0]LogModuleManager: Shutting down and abandoning module SlateRHIRenderer (11)
[2015.11.12-08.54.45:241][  0]LogModuleManager: Shutting down and abandoning module OpenGLDrv (10)
[2015.11.12-08.54.45:241][  0]LogModuleManager: Shutting down and abandoning module D3D11RHI (9)
[2015.11.12-08.54.45:241][  0]LogModuleManager: Shutting down and abandoning module AnimGraphRuntime (8)
[2015.11.12-08.54.45:241][  0]LogModuleManager: Shutting down and abandoning module Renderer (7)
[2015.11.12-08.54.45:324][  0]LogModuleManager: Shutting down and abandoning module Engine (6)
[2015.11.12-08.54.45:325][  0]LogModuleManager: Shutting down and abandoning module CoreUObject (5)
[2015.11.12-08.54.45:325][  0]LogModuleManager: Shutting down and abandoning module NetworkFile (4)
[2015.11.12-08.54.45:325][  0]LogModuleManager: Shutting down and abandoning module StreamingFile (3)
[2015.11.12-08.54.45:325][  0]LogModuleManager: Shutting down and abandoning module SandboxFile (2)
[2015.11.12-08.54.45:325][  0]LogModuleManager: Shutting down and abandoning module PakFile (1)
[2015.11.12-08.54.45:368][  0]LogExit: Exiting.
[2015.11.12-08.54.45:370][  0]Log file closed, 11/12/15 09:54:45
