[2015.11.13-14.27.49:843][  0]Log file open, 11/13/15 15:27:49
[2015.11.13-14.27.49:843][  0]LogInit:Display: Running engine for game: UNREALPROJEKT
[2015.11.13-14.27.49:843][  0]LogInit:Display: RandInit(-1808902099) SRandInit(-1808902098).
[2015.11.13-14.27.49:843][  0]LogTaskGraph: Started task graph with 4 named threads and 7 total threads.
[2015.11.13-14.27.49:843][  0]LogStats: Stats thread started at 0.315242
[2015.11.13-14.27.49:843][  0]LogInit:Warning: Incompatible or missing module: UE4Editor-UNREALPROJEKT.dll
[2015.11.13-14.27.53:656][  0]Running D:/Program (x86)/Epic Games/4.9/Engine/Binaries/DotNET/UnrealBuildTool.exe UNREALPROJEKT Development Win64 -project="C:/Users/Robin/Desktop/HÖGSKOLAN/LÄSÅR 2/C++ OOAD/3. Unreal Engine/Uppgifter/Projekt/UNREALPROJEKT/UNREALPROJEKT.uproject" -rocket -editorrecompile -progress -noubtmakefiles
[2015.11.13-14.27.59:296][  0]ERROR: Couldn't find target rules file for target 'UNREALPROJEKT' in rules assembly 'UNREALPROJEKTModuleRules, Version=0.0.0.0, Culture=neutral, PublicKeyToken=null'.
[2015.11.13-14.27.59:296][  0]Location: C:\Users\Robin\Desktop\HÖGSKOLAN\LÄSÅR 2\C++ OOAD\3. Unreal Engine\Uppgifter\Projekt\UNREALPROJEKT\Intermediate\Build\BuildRules\UNREALPROJEKTModuleRules.dll
[2015.11.13-14.27.59:296][  0]Target rules found:
[2015.11.13-14.27.59:296][  0]	UE4Editor - D:\Program (x86)\Epic Games\4.9\Engine\Source\UE4Editor.Target.cs
[2015.11.13-14.27.59:296][  0]	UE4Game - D:\Program (x86)\Epic Games\4.9\Engine\Source\UE4Game.Target.cs
[2015.11.13-14.27.59:296][  0]
[2015.11.13-14.27.59:999][  0]LogInit:Warning: Still incompatible or missing module: UE4Editor-UNREALPROJEKT.dll
[2015.11.13-14.29.02:417][  0]LogExit: Preparing to exit.
[2015.11.13-14.29.02:432][  0]LogModuleManager: Shutting down and abandoning module DesktopPlatform (15)
[2015.11.13-14.29.02:432][  0]LogModuleManager: Shutting down and abandoning module TextureCompressor (14)
[2015.11.13-14.29.02:432][  0]LogModuleManager: Shutting down and abandoning module ShaderCore (13)
[2015.11.13-14.29.02:432][  0]LogModuleManager: Shutting down and abandoning module Landscape (12)
[2015.11.13-14.29.02:432][  0]LogModuleManager: Shutting down and abandoning module SlateRHIRenderer (11)
[2015.11.13-14.29.02:432][  0]LogModuleManager: Shutting down and abandoning module OpenGLDrv (10)
[2015.11.13-14.29.02:432][  0]LogModuleManager: Shutting down and abandoning module D3D11RHI (9)
[2015.11.13-14.29.02:432][  0]LogModuleManager: Shutting down and abandoning module AnimGraphRuntime (8)
[2015.11.13-14.29.02:432][  0]LogModuleManager: Shutting down and abandoning module Renderer (7)
[2015.11.13-14.29.02:432][  0]LogModuleManager: Shutting down and abandoning module Engine (6)
[2015.11.13-14.29.02:432][  0]LogModuleManager: Shutting down and abandoning module CoreUObject (5)
[2015.11.13-14.29.02:432][  0]LogModuleManager: Shutting down and abandoning module NetworkFile (4)
[2015.11.13-14.29.02:432][  0]LogModuleManager: Shutting down and abandoning module StreamingFile (3)
[2015.11.13-14.29.02:432][  0]LogModuleManager: Shutting down and abandoning module SandboxFile (2)
[2015.11.13-14.29.02:432][  0]LogModuleManager: Shutting down and abandoning module PakFile (1)
[2015.11.13-14.29.02:432][  0]LogExit: Exiting.
[2015.11.13-14.29.02:448][  0]Log file closed, 11/13/15 15:29:02
